/external/rprshnas01/netdata_kcni/stlab/File_transfer/Mini_Test_Data/test_output/STAR_scripts/STARParaScript1.sh	Jul 13 15:00:27 ..... started STAR run
/external/rprshnas01/netdata_kcni/stlab/File_transfer/Mini_Test_Data/test_output/STAR_scripts/STARParaScript1.sh	Jul 13 15:00:28 ..... loading genome
/external/rprshnas01/netdata_kcni/stlab/File_transfer/Mini_Test_Data/test_output/STAR_scripts/STARParaScript1.sh	Jul 13 15:24:39 ..... processing annotations GTF
/external/rprshnas01/netdata_kcni/stlab/File_transfer/Mini_Test_Data/test_output/STAR_scripts/STARParaScript1.sh	Jul 13 15:25:17 ..... inserting junctions into the genome indices
/external/rprshnas01/netdata_kcni/stlab/File_transfer/Mini_Test_Data/test_output/STAR_scripts/STARParaScript1.sh	Jul 13 15:27:03 ..... started mapping
/external/rprshnas01/netdata_kcni/stlab/File_transfer/Mini_Test_Data/test_output/STAR_scripts/STARParaScript1.sh	Jul 13 15:27:04 ..... finished mapping
/external/rprshnas01/netdata_kcni/stlab/File_transfer/Mini_Test_Data/test_output/STAR_scripts/STARParaScript1.sh	Jul 13 15:27:04 ..... finished successfully
/external/rprshnas01/netdata_kcni/stlab/File_transfer/Mini_Test_Data/test_output/STAR_scripts/STARParaScript1.sh	-------------------------------------------------------------------------------
/external/rprshnas01/netdata_kcni/stlab/File_transfer/Mini_Test_Data/test_output/STAR_scripts/STARParaScript1.sh	There are messages associated with the following module(s):
/external/rprshnas01/netdata_kcni/stlab/File_transfer/Mini_Test_Data/test_output/STAR_scripts/STARParaScript1.sh	-------------------------------------------------------------------------------
/external/rprshnas01/netdata_kcni/stlab/File_transfer/Mini_Test_Data/test_output/STAR_scripts/STARParaScript1.sh	
/external/rprshnas01/netdata_kcni/stlab/File_transfer/Mini_Test_Data/test_output/STAR_scripts/STARParaScript1.sh	STAR/2.7.2c:
/external/rprshnas01/netdata_kcni/stlab/File_transfer/Mini_Test_Data/test_output/STAR_scripts/STARParaScript1.sh	   This module is out-of-date. It may still work, but it will be
/external/rprshnas01/netdata_kcni/stlab/File_transfer/Mini_Test_Data/test_output/STAR_scripts/STARParaScript1.sh	   decommissioned in the near-future. We recommend trying the following
/external/rprshnas01/netdata_kcni/stlab/File_transfer/Mini_Test_Data/test_output/STAR_scripts/STARParaScript1.sh	   command to find the latest module versions under
/external/rprshnas01/netdata_kcni/stlab/File_transfer/Mini_Test_Data/test_output/STAR_scripts/STARParaScript1.sh	   bio/Star,lang/Star,math/Star,tools/Star,compiler/Star etc; module spider
/external/rprshnas01/netdata_kcni/stlab/File_transfer/Mini_Test_Data/test_output/STAR_scripts/STARParaScript1.sh	   STAR If you have any questions or concerns regarding the above, please
/external/rprshnas01/netdata_kcni/stlab/File_transfer/Mini_Test_Data/test_output/STAR_scripts/STARParaScript1.sh	   contact SCC support at <SCC.Support@camh.ca>
/external/rprshnas01/netdata_kcni/stlab/File_transfer/Mini_Test_Data/test_output/STAR_scripts/STARParaScript1.sh	
/external/rprshnas01/netdata_kcni/stlab/File_transfer/Mini_Test_Data/test_output/STAR_scripts/STARParaScript1.sh	-------------------------------------------------------------------------------
/external/rprshnas01/netdata_kcni/stlab/File_transfer/Mini_Test_Data/test_output/STAR_scripts/STARParaScript1.sh	
/external/rprshnas01/netdata_kcni/stlab/File_transfer/Mini_Test_Data/test_output/STAR_scripts/STARParaScript0.sh	Jul 13 15:00:27 ..... started STAR run
/external/rprshnas01/netdata_kcni/stlab/File_transfer/Mini_Test_Data/test_output/STAR_scripts/STARParaScript0.sh	Jul 13 15:00:28 ..... loading genome
/external/rprshnas01/netdata_kcni/stlab/File_transfer/Mini_Test_Data/test_output/STAR_scripts/STARParaScript0.sh	Jul 13 15:24:39 ..... processing annotations GTF
/external/rprshnas01/netdata_kcni/stlab/File_transfer/Mini_Test_Data/test_output/STAR_scripts/STARParaScript0.sh	Jul 13 15:25:17 ..... inserting junctions into the genome indices
/external/rprshnas01/netdata_kcni/stlab/File_transfer/Mini_Test_Data/test_output/STAR_scripts/STARParaScript0.sh	Jul 13 15:27:03 ..... started mapping
/external/rprshnas01/netdata_kcni/stlab/File_transfer/Mini_Test_Data/test_output/STAR_scripts/STARParaScript0.sh	Jul 13 15:27:03 ..... finished mapping
/external/rprshnas01/netdata_kcni/stlab/File_transfer/Mini_Test_Data/test_output/STAR_scripts/STARParaScript0.sh	Jul 13 15:27:04 ..... finished successfully
/external/rprshnas01/netdata_kcni/stlab/File_transfer/Mini_Test_Data/test_output/STAR_scripts/STARParaScript0.sh	-------------------------------------------------------------------------------
/external/rprshnas01/netdata_kcni/stlab/File_transfer/Mini_Test_Data/test_output/STAR_scripts/STARParaScript0.sh	There are messages associated with the following module(s):
/external/rprshnas01/netdata_kcni/stlab/File_transfer/Mini_Test_Data/test_output/STAR_scripts/STARParaScript0.sh	-------------------------------------------------------------------------------
/external/rprshnas01/netdata_kcni/stlab/File_transfer/Mini_Test_Data/test_output/STAR_scripts/STARParaScript0.sh	
/external/rprshnas01/netdata_kcni/stlab/File_transfer/Mini_Test_Data/test_output/STAR_scripts/STARParaScript0.sh	STAR/2.7.2c:
/external/rprshnas01/netdata_kcni/stlab/File_transfer/Mini_Test_Data/test_output/STAR_scripts/STARParaScript0.sh	   This module is out-of-date. It may still work, but it will be
/external/rprshnas01/netdata_kcni/stlab/File_transfer/Mini_Test_Data/test_output/STAR_scripts/STARParaScript0.sh	   decommissioned in the near-future. We recommend trying the following
/external/rprshnas01/netdata_kcni/stlab/File_transfer/Mini_Test_Data/test_output/STAR_scripts/STARParaScript0.sh	   command to find the latest module versions under
/external/rprshnas01/netdata_kcni/stlab/File_transfer/Mini_Test_Data/test_output/STAR_scripts/STARParaScript0.sh	   bio/Star,lang/Star,math/Star,tools/Star,compiler/Star etc; module spider
/external/rprshnas01/netdata_kcni/stlab/File_transfer/Mini_Test_Data/test_output/STAR_scripts/STARParaScript0.sh	   STAR If you have any questions or concerns regarding the above, please
/external/rprshnas01/netdata_kcni/stlab/File_transfer/Mini_Test_Data/test_output/STAR_scripts/STARParaScript0.sh	   contact SCC support at <SCC.Support@camh.ca>
/external/rprshnas01/netdata_kcni/stlab/File_transfer/Mini_Test_Data/test_output/STAR_scripts/STARParaScript0.sh	
/external/rprshnas01/netdata_kcni/stlab/File_transfer/Mini_Test_Data/test_output/STAR_scripts/STARParaScript0.sh	-------------------------------------------------------------------------------
/external/rprshnas01/netdata_kcni/stlab/File_transfer/Mini_Test_Data/test_output/STAR_scripts/STARParaScript0.sh	
