/external/rprshnas01/netdata_kcni/stlab/File_transfer/Mini_Test_Data/test_output/STAR_scripts/STARParaScript2.sh	Jul 13 15:00:28 ..... started STAR run
/external/rprshnas01/netdata_kcni/stlab/File_transfer/Mini_Test_Data/test_output/STAR_scripts/STARParaScript2.sh	Jul 13 15:00:28 ..... loading genome
/external/rprshnas01/netdata_kcni/stlab/File_transfer/Mini_Test_Data/test_output/STAR_scripts/STARParaScript2.sh	Jul 13 15:21:25 ..... processing annotations GTF
/external/rprshnas01/netdata_kcni/stlab/File_transfer/Mini_Test_Data/test_output/STAR_scripts/STARParaScript2.sh	Jul 13 15:22:26 ..... inserting junctions into the genome indices
/external/rprshnas01/netdata_kcni/stlab/File_transfer/Mini_Test_Data/test_output/STAR_scripts/STARParaScript2.sh	Jul 13 15:24:12 ..... started mapping
/external/rprshnas01/netdata_kcni/stlab/File_transfer/Mini_Test_Data/test_output/STAR_scripts/STARParaScript2.sh	Jul 13 15:24:14 ..... finished mapping
/external/rprshnas01/netdata_kcni/stlab/File_transfer/Mini_Test_Data/test_output/STAR_scripts/STARParaScript2.sh	Jul 13 15:24:14 ..... finished successfully
/external/rprshnas01/netdata_kcni/stlab/File_transfer/Mini_Test_Data/test_output/STAR_scripts/STARParaScript2.sh	-------------------------------------------------------------------------------
/external/rprshnas01/netdata_kcni/stlab/File_transfer/Mini_Test_Data/test_output/STAR_scripts/STARParaScript2.sh	There are messages associated with the following module(s):
/external/rprshnas01/netdata_kcni/stlab/File_transfer/Mini_Test_Data/test_output/STAR_scripts/STARParaScript2.sh	-------------------------------------------------------------------------------
/external/rprshnas01/netdata_kcni/stlab/File_transfer/Mini_Test_Data/test_output/STAR_scripts/STARParaScript2.sh	
/external/rprshnas01/netdata_kcni/stlab/File_transfer/Mini_Test_Data/test_output/STAR_scripts/STARParaScript2.sh	STAR/2.7.2c:
/external/rprshnas01/netdata_kcni/stlab/File_transfer/Mini_Test_Data/test_output/STAR_scripts/STARParaScript2.sh	   This module is out-of-date. It may still work, but it will be
/external/rprshnas01/netdata_kcni/stlab/File_transfer/Mini_Test_Data/test_output/STAR_scripts/STARParaScript2.sh	   decommissioned in the near-future. We recommend trying the following
/external/rprshnas01/netdata_kcni/stlab/File_transfer/Mini_Test_Data/test_output/STAR_scripts/STARParaScript2.sh	   command to find the latest module versions under
/external/rprshnas01/netdata_kcni/stlab/File_transfer/Mini_Test_Data/test_output/STAR_scripts/STARParaScript2.sh	   bio/Star,lang/Star,math/Star,tools/Star,compiler/Star etc; module spider
/external/rprshnas01/netdata_kcni/stlab/File_transfer/Mini_Test_Data/test_output/STAR_scripts/STARParaScript2.sh	   STAR If you have any questions or concerns regarding the above, please
/external/rprshnas01/netdata_kcni/stlab/File_transfer/Mini_Test_Data/test_output/STAR_scripts/STARParaScript2.sh	   contact SCC support at <SCC.Support@camh.ca>
/external/rprshnas01/netdata_kcni/stlab/File_transfer/Mini_Test_Data/test_output/STAR_scripts/STARParaScript2.sh	
/external/rprshnas01/netdata_kcni/stlab/File_transfer/Mini_Test_Data/test_output/STAR_scripts/STARParaScript2.sh	-------------------------------------------------------------------------------
/external/rprshnas01/netdata_kcni/stlab/File_transfer/Mini_Test_Data/test_output/STAR_scripts/STARParaScript2.sh	
/external/rprshnas01/netdata_kcni/stlab/File_transfer/Mini_Test_Data/test_output/STAR_scripts/STARParaScript3.sh	Jul 13 15:00:28 ..... started STAR run
/external/rprshnas01/netdata_kcni/stlab/File_transfer/Mini_Test_Data/test_output/STAR_scripts/STARParaScript3.sh	Jul 13 15:00:28 ..... loading genome
/external/rprshnas01/netdata_kcni/stlab/File_transfer/Mini_Test_Data/test_output/STAR_scripts/STARParaScript3.sh	Jul 13 15:21:25 ..... processing annotations GTF
/external/rprshnas01/netdata_kcni/stlab/File_transfer/Mini_Test_Data/test_output/STAR_scripts/STARParaScript3.sh	Jul 13 15:22:26 ..... inserting junctions into the genome indices
/external/rprshnas01/netdata_kcni/stlab/File_transfer/Mini_Test_Data/test_output/STAR_scripts/STARParaScript3.sh	Jul 13 15:24:13 ..... started mapping
/external/rprshnas01/netdata_kcni/stlab/File_transfer/Mini_Test_Data/test_output/STAR_scripts/STARParaScript3.sh	Jul 13 15:24:13 ..... finished mapping
/external/rprshnas01/netdata_kcni/stlab/File_transfer/Mini_Test_Data/test_output/STAR_scripts/STARParaScript3.sh	Jul 13 15:24:14 ..... finished successfully
/external/rprshnas01/netdata_kcni/stlab/File_transfer/Mini_Test_Data/test_output/STAR_scripts/STARParaScript3.sh	-------------------------------------------------------------------------------
/external/rprshnas01/netdata_kcni/stlab/File_transfer/Mini_Test_Data/test_output/STAR_scripts/STARParaScript3.sh	There are messages associated with the following module(s):
/external/rprshnas01/netdata_kcni/stlab/File_transfer/Mini_Test_Data/test_output/STAR_scripts/STARParaScript3.sh	-------------------------------------------------------------------------------
/external/rprshnas01/netdata_kcni/stlab/File_transfer/Mini_Test_Data/test_output/STAR_scripts/STARParaScript3.sh	
/external/rprshnas01/netdata_kcni/stlab/File_transfer/Mini_Test_Data/test_output/STAR_scripts/STARParaScript3.sh	STAR/2.7.2c:
/external/rprshnas01/netdata_kcni/stlab/File_transfer/Mini_Test_Data/test_output/STAR_scripts/STARParaScript3.sh	   This module is out-of-date. It may still work, but it will be
/external/rprshnas01/netdata_kcni/stlab/File_transfer/Mini_Test_Data/test_output/STAR_scripts/STARParaScript3.sh	   decommissioned in the near-future. We recommend trying the following
/external/rprshnas01/netdata_kcni/stlab/File_transfer/Mini_Test_Data/test_output/STAR_scripts/STARParaScript3.sh	   command to find the latest module versions under
/external/rprshnas01/netdata_kcni/stlab/File_transfer/Mini_Test_Data/test_output/STAR_scripts/STARParaScript3.sh	   bio/Star,lang/Star,math/Star,tools/Star,compiler/Star etc; module spider
/external/rprshnas01/netdata_kcni/stlab/File_transfer/Mini_Test_Data/test_output/STAR_scripts/STARParaScript3.sh	   STAR If you have any questions or concerns regarding the above, please
/external/rprshnas01/netdata_kcni/stlab/File_transfer/Mini_Test_Data/test_output/STAR_scripts/STARParaScript3.sh	   contact SCC support at <SCC.Support@camh.ca>
/external/rprshnas01/netdata_kcni/stlab/File_transfer/Mini_Test_Data/test_output/STAR_scripts/STARParaScript3.sh	
/external/rprshnas01/netdata_kcni/stlab/File_transfer/Mini_Test_Data/test_output/STAR_scripts/STARParaScript3.sh	-------------------------------------------------------------------------------
/external/rprshnas01/netdata_kcni/stlab/File_transfer/Mini_Test_Data/test_output/STAR_scripts/STARParaScript3.sh	
